0 info it worked if it ends with ok
1 verbose cli [ '/usr/local/bin/node',
1 verbose cli   '/usr/local/bin/npm',
1 verbose cli   'install',
1 verbose cli   '--save',
1 verbose cli   'bcrypt' ]
2 info using npm@2.14.4
3 info using node@v4.1.1
4 verbose install initial load of /Users/Finn/src/project-two/package.json
5 verbose installManyTop reading scoped package data from /Users/Finn/src/project-two/node_modules/body-parser/package.json
6 verbose installManyTop reading scoped package data from /Users/Finn/src/project-two/node_modules/ejs/package.json
7 verbose installManyTop reading scoped package data from /Users/Finn/src/project-two/node_modules/express/package.json
8 verbose installManyTop reading scoped package data from /Users/Finn/src/project-two/node_modules/express-ejs-layouts/package.json
9 verbose installManyTop reading scoped package data from /Users/Finn/src/project-two/node_modules/express-session/package.json
10 verbose installManyTop reading scoped package data from /Users/Finn/src/project-two/node_modules/marked/package.json
11 verbose installManyTop reading scoped package data from /Users/Finn/src/project-two/node_modules/method-override/package.json
12 verbose installManyTop reading scoped package data from /Users/Finn/src/project-two/node_modules/mongoose/package.json
13 verbose installManyTop reading scoped package data from /Users/Finn/src/project-two/node_modules/morgan/package.json
14 info package.json express-ejs-layouts@2.0.0 No license field.
15 verbose readDependencies loading dependencies from /Users/Finn/src/project-two/package.json
16 silly cache add args [ 'bcrypt', null ]
17 verbose cache add spec bcrypt
18 silly cache add parsed spec Result {
18 silly cache add   raw: 'bcrypt',
18 silly cache add   scope: null,
18 silly cache add   name: 'bcrypt',
18 silly cache add   rawSpec: '',
18 silly cache add   spec: '*',
18 silly cache add   type: 'range' }
19 silly addNamed bcrypt@*
20 verbose addNamed "*" is a valid semver range for bcrypt
21 silly addNameRange { name: 'bcrypt', range: '*', hasData: false }
22 silly mapToRegistry name bcrypt
23 silly mapToRegistry using default registry
24 silly mapToRegistry registry https://registry.npmjs.org/
25 silly mapToRegistry uri https://registry.npmjs.org/bcrypt
26 verbose addNameRange registry:https://registry.npmjs.org/bcrypt not in flight; fetching
27 verbose request uri https://registry.npmjs.org/bcrypt
28 verbose request no auth needed
29 info attempt registry request try #1 at 9:46:40 AM
30 verbose request id bd692926fdabc7fd
31 verbose etag "CPFO39FJFOQ9E8V0V86VBPWM5"
32 http request GET https://registry.npmjs.org/bcrypt
33 http 304 https://registry.npmjs.org/bcrypt
34 silly get cb [ 304,
34 silly get   { date: 'Tue, 13 Oct 2015 13:45:38 GMT',
34 silly get     via: '1.1 varnish',
34 silly get     'cache-control': 'max-age=60',
34 silly get     etag: '"CPFO39FJFOQ9E8V0V86VBPWM5"',
34 silly get     age: '0',
34 silly get     connection: 'keep-alive',
34 silly get     'x-served-by': 'cache-atl6233-ATL',
34 silly get     'x-cache': 'HIT',
34 silly get     'x-cache-hits': '1',
34 silly get     'x-timer': 'S1444743938.841164,VS0,VE98',
34 silly get     vary: 'Accept' } ]
35 verbose etag https://registry.npmjs.org/bcrypt from cache
36 verbose get saving bcrypt to /Users/Finn/.npm/registry.npmjs.org/bcrypt/.cache.json
37 silly addNameRange number 2 { name: 'bcrypt', range: '*', hasData: true }
38 silly addNameRange versions [ 'bcrypt',
38 silly addNameRange   [ '0.1.2',
38 silly addNameRange     '0.2.0',
38 silly addNameRange     '0.2.1',
38 silly addNameRange     '0.1.3',
38 silly addNameRange     '0.2.2',
38 silly addNameRange     '0.2.3',
38 silly addNameRange     '0.2.4',
38 silly addNameRange     '0.3.0',
38 silly addNameRange     '0.3.1',
38 silly addNameRange     '0.3.2',
38 silly addNameRange     '0.4.0',
38 silly addNameRange     '0.4.1',
38 silly addNameRange     '0.5.0',
38 silly addNameRange     '0.6.0',
38 silly addNameRange     '0.7.0',
38 silly addNameRange     '0.7.1',
38 silly addNameRange     '0.7.2',
38 silly addNameRange     '0.7.3',
38 silly addNameRange     '0.7.4',
38 silly addNameRange     '0.7.5',
38 silly addNameRange     '0.7.6',
38 silly addNameRange     '0.7.7',
38 silly addNameRange     '0.7.8',
38 silly addNameRange     '0.8.0',
38 silly addNameRange     '0.8.1',
38 silly addNameRange     '0.8.2',
38 silly addNameRange     '0.8.3',
38 silly addNameRange     '0.8.4',
38 silly addNameRange     '0.8.5' ] ]
39 silly addNamed bcrypt@0.8.5
40 verbose addNamed "0.8.5" is a plain semver version for bcrypt
41 silly cache afterAdd bcrypt@0.8.5
42 verbose afterAdd /Users/Finn/.npm/bcrypt/0.8.5/package/package.json not in flight; writing
43 verbose afterAdd /Users/Finn/.npm/bcrypt/0.8.5/package/package.json written
44 silly install resolved [ { name: 'bcrypt',
44 silly install resolved     description: 'A bcrypt library for NodeJS.',
44 silly install resolved     keywords:
44 silly install resolved      [ 'bcrypt',
44 silly install resolved        'password',
44 silly install resolved        'auth',
44 silly install resolved        'authentication',
44 silly install resolved        'encryption',
44 silly install resolved        'crypt',
44 silly install resolved        'crypto' ],
44 silly install resolved     main: './bcrypt',
44 silly install resolved     version: '0.8.5',
44 silly install resolved     author: { name: 'Nick Campbell', url: 'https://github.com/ncb000gt' },
44 silly install resolved     engines: { node: '>= 0.6.0' },
44 silly install resolved     repository:
44 silly install resolved      { type: 'git',
44 silly install resolved        url: 'git+https://github.com/ncb000gt/node.bcrypt.js.git' },
44 silly install resolved     license: 'MIT',
44 silly install resolved     bugs: { url: 'https://github.com/ncb000gt/node.bcrypt.js/issues' },
44 silly install resolved     scripts:
44 silly install resolved      { test: 'node-gyp configure build && nodeunit test',
44 silly install resolved        install: 'node-gyp rebuild' },
44 silly install resolved     dependencies: { bindings: '1.2.1', nan: '2.0.5' },
44 silly install resolved     devDependencies: { nodeunit: '~0.9.1' },
44 silly install resolved     contributors:
44 silly install resolved      [ [Object],
44 silly install resolved        [Object],
44 silly install resolved        [Object],
44 silly install resolved        [Object],
44 silly install resolved        [Object],
44 silly install resolved        [Object],
44 silly install resolved        [Object],
44 silly install resolved        [Object],
44 silly install resolved        [Object],
44 silly install resolved        [Object],
44 silly install resolved        [Object],
44 silly install resolved        [Object],
44 silly install resolved        [Object],
44 silly install resolved        [Object] ],
44 silly install resolved     gypfile: true,
44 silly install resolved     gitHead: '5d97708f06754d7d7989c67ba867002d10013615',
44 silly install resolved     homepage: 'https://github.com/ncb000gt/node.bcrypt.js#readme',
44 silly install resolved     _id: 'bcrypt@0.8.5',
44 silly install resolved     _shasum: '8e5b81b4db80e944f440005979ca8d58a961861d',
44 silly install resolved     _from: 'bcrypt@*',
44 silly install resolved     _npmVersion: '2.13.3',
44 silly install resolved     _nodeVersion: '3.0.0',
44 silly install resolved     _npmUser: { name: 'defunctzombie', email: 'shtylman@gmail.com' },
44 silly install resolved     dist:
44 silly install resolved      { shasum: '8e5b81b4db80e944f440005979ca8d58a961861d',
44 silly install resolved        tarball: 'http://registry.npmjs.org/bcrypt/-/bcrypt-0.8.5.tgz' },
44 silly install resolved     maintainers: [ [Object], [Object], [Object], [Object] ],
44 silly install resolved     directories: {},
44 silly install resolved     _resolved: 'https://registry.npmjs.org/bcrypt/-/bcrypt-0.8.5.tgz',
44 silly install resolved     readme: 'ERROR: No README data found!' } ]
45 info install bcrypt@0.8.5 into /Users/Finn/src/project-two
46 info installOne bcrypt@0.8.5
47 verbose installOne of bcrypt to /Users/Finn/src/project-two not in flight; installing
48 verbose lock using /Users/Finn/.npm/_locks/bcrypt-da055553ae501a7d.lock for /Users/Finn/src/project-two/node_modules/bcrypt
49 silly install write writing bcrypt 0.8.5 to /Users/Finn/src/project-two/node_modules/bcrypt
50 verbose unbuild node_modules/bcrypt
51 silly gentlyRm /Users/Finn/src/project-two/node_modules/bcrypt is being purged from base /Users/Finn/src/project-two
52 verbose gentlyRm don't care about contents; nuking /Users/Finn/src/project-two/node_modules/bcrypt
53 verbose tar unpack /Users/Finn/.npm/bcrypt/0.8.5/package.tgz
54 verbose tar unpacking to /Users/Finn/src/project-two/node_modules/bcrypt
55 silly gentlyRm /Users/Finn/src/project-two/node_modules/bcrypt is being purged
56 verbose gentlyRm don't care about contents; nuking /Users/Finn/src/project-two/node_modules/bcrypt
57 silly gunzTarPerm modes [ '755', '644' ]
58 silly gunzTarPerm extractEntry package.json
59 silly gunzTarPerm extractEntry .npmignore
60 silly gunzTarPerm extractEntry README.md
61 silly gunzTarPerm extractEntry LICENSE
62 silly gunzTarPerm extractEntry bcrypt.js
63 silly gunzTarPerm extractEntry binding.gyp
64 silly gunzTarPerm extractEntry .travis.yml
65 silly gunzTarPerm extractEntry CHANGELOG.md
66 silly gunzTarPerm extractEntry examples/async_compare.js
67 silly gunzTarPerm extractEntry examples/forever_gen_salt.js
68 silly gunzTarPerm extractEntry test/async.js
69 silly gunzTarPerm extractEntry test/repetitions.js
70 silly gunzTarPerm extractEntry test/sync.js
71 silly gunzTarPerm extractEntry Makefile
72 silly gunzTarPerm extractEntry src/bcrypt.cc
73 silly gunzTarPerm extractEntry src/bcrypt_node.cc
74 silly gunzTarPerm extractEntry src/blowfish.cc
75 silly gunzTarPerm extractEntry src/node_blf.h
76 silly gunzTarPerm extractEntry werker.yml
77 verbose write writing to /Users/Finn/src/project-two/node_modules/bcrypt/package.json
78 info preinstall bcrypt@0.8.5
79 verbose readDependencies loading dependencies from /Users/Finn/src/project-two/node_modules/bcrypt/package.json
80 silly prepareForInstallMany adding bindings@1.2.1 from bcrypt dependencies
81 silly prepareForInstallMany adding nan@2.0.5 from bcrypt dependencies
82 verbose readDependencies loading dependencies from /Users/Finn/src/project-two/node_modules/bcrypt/package.json
83 silly cache add args [ 'bindings@1.2.1', null ]
84 verbose cache add spec bindings@1.2.1
85 silly cache add args [ 'nan@2.0.5', null ]
86 verbose cache add spec nan@2.0.5
87 silly cache add parsed spec Result {
87 silly cache add   raw: 'bindings@1.2.1',
87 silly cache add   scope: null,
87 silly cache add   name: 'bindings',
87 silly cache add   rawSpec: '1.2.1',
87 silly cache add   spec: '1.2.1',
87 silly cache add   type: 'version' }
88 silly addNamed bindings@1.2.1
89 verbose addNamed "1.2.1" is a plain semver version for bindings
90 silly mapToRegistry name bindings
91 silly mapToRegistry using default registry
92 silly mapToRegistry registry https://registry.npmjs.org/
93 silly mapToRegistry uri https://registry.npmjs.org/bindings
94 verbose addNameVersion registry:https://registry.npmjs.org/bindings not in flight; fetching
95 silly cache add parsed spec Result {
95 silly cache add   raw: 'nan@2.0.5',
95 silly cache add   scope: null,
95 silly cache add   name: 'nan',
95 silly cache add   rawSpec: '2.0.5',
95 silly cache add   spec: '2.0.5',
95 silly cache add   type: 'version' }
96 silly addNamed nan@2.0.5
97 verbose addNamed "2.0.5" is a plain semver version for nan
98 silly mapToRegistry name nan
99 silly mapToRegistry using default registry
100 silly mapToRegistry registry https://registry.npmjs.org/
101 silly mapToRegistry uri https://registry.npmjs.org/nan
102 verbose addNameVersion registry:https://registry.npmjs.org/nan not in flight; fetching
103 verbose request uri https://registry.npmjs.org/bindings
104 verbose request no auth needed
105 info attempt registry request try #1 at 9:46:41 AM
106 verbose etag "547Q3C60W4DUGPOZ65YOO6930"
107 http request GET https://registry.npmjs.org/bindings
108 verbose request uri https://registry.npmjs.org/nan
109 verbose request no auth needed
110 info attempt registry request try #1 at 9:46:41 AM
111 verbose etag "EEJEYBDBWDA07LWTXUI68JUWL"
112 http request GET https://registry.npmjs.org/nan
113 http 304 https://registry.npmjs.org/nan
114 silly get cb [ 304,
114 silly get   { date: 'Tue, 13 Oct 2015 13:45:39 GMT',
114 silly get     via: '1.1 varnish',
114 silly get     'cache-control': 'max-age=60',
114 silly get     etag: '"EEJEYBDBWDA07LWTXUI68JUWL"',
114 silly get     age: '8',
114 silly get     connection: 'keep-alive',
114 silly get     'x-served-by': 'cache-atl6234-ATL',
114 silly get     'x-cache': 'HIT',
114 silly get     'x-cache-hits': '3',
114 silly get     'x-timer': 'S1444743939.124229,VS0,VE0',
114 silly get     vary: 'Accept' } ]
115 verbose etag https://registry.npmjs.org/nan from cache
116 verbose get saving nan to /Users/Finn/.npm/registry.npmjs.org/nan/.cache.json
117 http 304 https://registry.npmjs.org/bindings
118 silly get cb [ 304,
118 silly get   { date: 'Tue, 13 Oct 2015 13:45:39 GMT',
118 silly get     via: '1.1 varnish',
118 silly get     'cache-control': 'max-age=60',
118 silly get     etag: '"547Q3C60W4DUGPOZ65YOO6930"',
118 silly get     age: '20',
118 silly get     connection: 'keep-alive',
118 silly get     'x-served-by': 'cache-atl6225-ATL',
118 silly get     'x-cache': 'HIT',
118 silly get     'x-cache-hits': '2',
118 silly get     'x-timer': 'S1444743939.124895,VS0,VE0',
118 silly get     vary: 'Accept' } ]
119 verbose etag https://registry.npmjs.org/bindings from cache
120 verbose get saving bindings to /Users/Finn/.npm/registry.npmjs.org/bindings/.cache.json
121 silly cache afterAdd bindings@1.2.1
122 verbose afterAdd /Users/Finn/.npm/bindings/1.2.1/package/package.json not in flight; writing
123 silly cache afterAdd nan@2.0.5
124 verbose afterAdd /Users/Finn/.npm/nan/2.0.5/package/package.json not in flight; writing
125 verbose afterAdd /Users/Finn/.npm/bindings/1.2.1/package/package.json written
126 verbose afterAdd /Users/Finn/.npm/nan/2.0.5/package/package.json written
127 silly install resolved [ { name: 'bindings',
127 silly install resolved     description: 'Helper module for loading your native module\'s .node file',
127 silly install resolved     keywords: [ 'native', 'addon', 'bindings', 'gyp', 'waf', 'c', 'c++' ],
127 silly install resolved     version: '1.2.1',
127 silly install resolved     author:
127 silly install resolved      { name: 'Nathan Rajlich',
127 silly install resolved        email: 'nathan@tootallnate.net',
127 silly install resolved        url: 'http://tootallnate.net' },
127 silly install resolved     repository:
127 silly install resolved      { type: 'git',
127 silly install resolved        url: 'git://github.com/TooTallNate/node-bindings.git' },
127 silly install resolved     main: './bindings.js',
127 silly install resolved     bugs: { url: 'https://github.com/TooTallNate/node-bindings/issues' },
127 silly install resolved     homepage: 'https://github.com/TooTallNate/node-bindings',
127 silly install resolved     license: 'MIT',
127 silly install resolved     gitHead: 'e404152ee27f8478ccbc7122ee051246e8e5ec02',
127 silly install resolved     _id: 'bindings@1.2.1',
127 silly install resolved     scripts: {},
127 silly install resolved     _shasum: '14ad6113812d2d37d72e67b4cacb4bb726505f11',
127 silly install resolved     _from: 'bindings@1.2.1',
127 silly install resolved     _npmVersion: '1.4.14',
127 silly install resolved     _npmUser: { name: 'tootallnate', email: 'nathan@tootallnate.net' },
127 silly install resolved     maintainers: [ [Object], [Object] ],
127 silly install resolved     dist:
127 silly install resolved      { shasum: '14ad6113812d2d37d72e67b4cacb4bb726505f11',
127 silly install resolved        tarball: 'http://registry.npmjs.org/bindings/-/bindings-1.2.1.tgz' },
127 silly install resolved     directories: {},
127 silly install resolved     _resolved: 'https://registry.npmjs.org/bindings/-/bindings-1.2.1.tgz',
127 silly install resolved     readme: 'ERROR: No README data found!' },
127 silly install resolved   { name: 'nan',
127 silly install resolved     version: '2.0.5',
127 silly install resolved     description: 'Native Abstractions for Node.js: C++ header for Node 0.8->0.12 compatibility',
127 silly install resolved     main: 'include_dirs.js',
127 silly install resolved     repository: { type: 'git', url: 'git://github.com/nodejs/nan.git' },
127 silly install resolved     scripts:
127 silly install resolved      { test: 'tap --gc test/js/*-test.js',
127 silly install resolved        'rebuild-tests': 'pangyp rebuild --msvs_version=2013 --directory test',
127 silly install resolved        docs: 'doc/.build.sh' },
127 silly install resolved     contributors:
127 silly install resolved      [ [Object],
127 silly install resolved        [Object],
127 silly install resolved        [Object],
127 silly install resolved        [Object],
127 silly install resolved        [Object],
127 silly install resolved        [Object],
127 silly install resolved        [Object] ],
127 silly install resolved     devDependencies:
127 silly install resolved      { bindings: '~1.2.1',
127 silly install resolved        'node-gyp': '~2.0.2',
127 silly install resolved        pangyp: '~2.2.0',
127 silly install resolved        tap: '~0.7.1',
127 silly install resolved        xtend: '~4.0.0' },
127 silly install resolved     license: 'MIT',
127 silly install resolved     gitHead: 'd13a2e9ce762fd130877b53c71d35963fa2cf689',
127 silly install resolved     bugs: { url: 'https://github.com/nodejs/nan/issues' },
127 silly install resolved     homepage: 'https://github.com/nodejs/nan#readme',
127 silly install resolved     _id: 'nan@2.0.5',
127 silly install resolved     _shasum: '365888014be1fd178db0cbfa258edf7b0cb1c408',
127 silly install resolved     _from: 'nan@2.0.5',
127 silly install resolved     _npmVersion: '2.13.3',
127 silly install resolved     _nodeVersion: '3.0.0',
127 silly install resolved     _npmUser: { name: 'kkoopa', email: 'bbyholm@abo.fi' },
127 silly install resolved     maintainers: [ [Object], [Object] ],
127 silly install resolved     dist:
127 silly install resolved      { shasum: '365888014be1fd178db0cbfa258edf7b0cb1c408',
127 silly install resolved        tarball: 'http://registry.npmjs.org/nan/-/nan-2.0.5.tgz' },
127 silly install resolved     directories: {},
127 silly install resolved     _resolved: 'https://registry.npmjs.org/nan/-/nan-2.0.5.tgz',
127 silly install resolved     readme: 'ERROR: No README data found!' } ]
128 info install bindings@1.2.1 into /Users/Finn/src/project-two/node_modules/bcrypt
129 info install nan@2.0.5 into /Users/Finn/src/project-two/node_modules/bcrypt
130 info installOne bindings@1.2.1
131 verbose installOne of bindings to /Users/Finn/src/project-two/node_modules/bcrypt not in flight; installing
132 info installOne nan@2.0.5
133 verbose installOne of nan to /Users/Finn/src/project-two/node_modules/bcrypt not in flight; installing
134 verbose lock using /Users/Finn/.npm/_locks/bindings-b9afe109d2e15d7b.lock for /Users/Finn/src/project-two/node_modules/bcrypt/node_modules/bindings
135 verbose lock using /Users/Finn/.npm/_locks/nan-7711662200d93213.lock for /Users/Finn/src/project-two/node_modules/bcrypt/node_modules/nan
136 silly install write writing bindings 1.2.1 to /Users/Finn/src/project-two/node_modules/bcrypt/node_modules/bindings
137 silly install write writing nan 2.0.5 to /Users/Finn/src/project-two/node_modules/bcrypt/node_modules/nan
138 verbose unbuild node_modules/bcrypt/node_modules/bindings
139 verbose unbuild node_modules/bcrypt/node_modules/nan
140 silly gentlyRm /Users/Finn/src/project-two/node_modules/bcrypt/node_modules/bindings is being purged from base /Users/Finn/src/project-two
141 verbose gentlyRm don't care about contents; nuking /Users/Finn/src/project-two/node_modules/bcrypt/node_modules/bindings
142 silly gentlyRm /Users/Finn/src/project-two/node_modules/bcrypt/node_modules/nan is being purged from base /Users/Finn/src/project-two
143 verbose gentlyRm don't care about contents; nuking /Users/Finn/src/project-two/node_modules/bcrypt/node_modules/nan
144 verbose tar unpack /Users/Finn/.npm/bindings/1.2.1/package.tgz
145 verbose tar unpacking to /Users/Finn/src/project-two/node_modules/bcrypt/node_modules/bindings
146 silly gentlyRm /Users/Finn/src/project-two/node_modules/bcrypt/node_modules/bindings is being purged
147 verbose gentlyRm don't care about contents; nuking /Users/Finn/src/project-two/node_modules/bcrypt/node_modules/bindings
148 verbose tar unpack /Users/Finn/.npm/nan/2.0.5/package.tgz
149 verbose tar unpacking to /Users/Finn/src/project-two/node_modules/bcrypt/node_modules/nan
150 silly gentlyRm /Users/Finn/src/project-two/node_modules/bcrypt/node_modules/nan is being purged
151 verbose gentlyRm don't care about contents; nuking /Users/Finn/src/project-two/node_modules/bcrypt/node_modules/nan
152 silly gunzTarPerm modes [ '755', '644' ]
153 silly gunzTarPerm modes [ '755', '644' ]
154 silly gunzTarPerm extractEntry package.json
155 silly gunzTarPerm extractEntry package.json
156 silly gunzTarPerm modified mode [ 'package.json', 436, 420 ]
157 silly gunzTarPerm extractEntry README.md
158 silly gunzTarPerm extractEntry bindings.js
159 silly gunzTarPerm extractEntry README.md
160 silly gunzTarPerm modified mode [ 'README.md', 436, 420 ]
161 silly gunzTarPerm extractEntry include_dirs.js
162 silly gunzTarPerm modified mode [ 'include_dirs.js', 436, 420 ]
163 silly gunzTarPerm extractEntry nan_converters.h
164 silly gunzTarPerm modified mode [ 'nan_converters.h', 436, 420 ]
165 silly gunzTarPerm extractEntry LICENSE.md
166 silly gunzTarPerm modified mode [ 'LICENSE.md', 436, 420 ]
167 silly gunzTarPerm extractEntry .dntrc
168 silly gunzTarPerm modified mode [ '.dntrc', 436, 420 ]
169 silly gunzTarPerm extractEntry appveyor.yml
170 silly gunzTarPerm modified mode [ 'appveyor.yml', 436, 420 ]
171 silly gunzTarPerm extractEntry doc/new.md
172 silly gunzTarPerm modified mode [ 'doc/new.md', 436, 420 ]
173 silly gunzTarPerm extractEntry doc/.build.sh
174 silly gunzTarPerm modified mode [ 'doc/.build.sh', 509, 493 ]
175 silly gunzTarPerm extractEntry doc/buffers.md
176 silly gunzTarPerm modified mode [ 'doc/buffers.md', 436, 420 ]
177 silly gunzTarPerm extractEntry doc/callback.md
178 silly gunzTarPerm modified mode [ 'doc/callback.md', 436, 420 ]
179 verbose write writing to /Users/Finn/src/project-two/node_modules/bcrypt/node_modules/bindings/package.json
180 silly gunzTarPerm extractEntry doc/converters.md
181 silly gunzTarPerm modified mode [ 'doc/converters.md', 436, 420 ]
182 silly gunzTarPerm extractEntry doc/errors.md
183 silly gunzTarPerm modified mode [ 'doc/errors.md', 436, 420 ]
184 info preinstall bindings@1.2.1
185 verbose readDependencies loading dependencies from /Users/Finn/src/project-two/node_modules/bcrypt/node_modules/bindings/package.json
186 verbose readDependencies loading dependencies from /Users/Finn/src/project-two/node_modules/bcrypt/node_modules/bindings/package.json
187 silly gunzTarPerm extractEntry doc/maybe_types.md
188 silly gunzTarPerm modified mode [ 'doc/maybe_types.md', 436, 420 ]
189 silly gunzTarPerm extractEntry doc/methods.md
190 silly gunzTarPerm modified mode [ 'doc/methods.md', 436, 420 ]
191 silly install resolved []
192 verbose about to build /Users/Finn/src/project-two/node_modules/bcrypt/node_modules/bindings
193 info build /Users/Finn/src/project-two/node_modules/bcrypt/node_modules/bindings
194 info linkStuff bindings@1.2.1
195 silly linkStuff bindings@1.2.1 has /Users/Finn/src/project-two/node_modules/bcrypt/node_modules as its parent node_modules
196 silly gunzTarPerm extractEntry doc/asyncworker.md
197 silly gunzTarPerm modified mode [ 'doc/asyncworker.md', 436, 420 ]
198 silly gunzTarPerm extractEntry doc/node_misc.md
199 silly gunzTarPerm modified mode [ 'doc/node_misc.md', 436, 420 ]
200 verbose linkBins bindings@1.2.1
201 verbose linkMans bindings@1.2.1
202 verbose rebuildBundles bindings@1.2.1
203 info install bindings@1.2.1
204 silly gunzTarPerm extractEntry doc/persistent.md
205 silly gunzTarPerm modified mode [ 'doc/persistent.md', 436, 420 ]
206 silly gunzTarPerm extractEntry doc/scopes.md
207 silly gunzTarPerm modified mode [ 'doc/scopes.md', 436, 420 ]
208 info postinstall bindings@1.2.1
209 verbose unlock done using /Users/Finn/.npm/_locks/bindings-b9afe109d2e15d7b.lock for /Users/Finn/src/project-two/node_modules/bcrypt/node_modules/bindings
210 silly gunzTarPerm extractEntry doc/script.md
211 silly gunzTarPerm modified mode [ 'doc/script.md', 436, 420 ]
212 silly gunzTarPerm extractEntry doc/string_bytes.md
213 silly gunzTarPerm modified mode [ 'doc/string_bytes.md', 436, 420 ]
214 silly gunzTarPerm extractEntry doc/v8_internals.md
215 silly gunzTarPerm modified mode [ 'doc/v8_internals.md', 436, 420 ]
216 silly gunzTarPerm extractEntry doc/v8_misc.md
217 silly gunzTarPerm modified mode [ 'doc/v8_misc.md', 436, 420 ]
218 silly gunzTarPerm extractEntry nan.h
219 silly gunzTarPerm modified mode [ 'nan.h', 436, 420 ]
220 silly gunzTarPerm extractEntry nan_callbacks.h
221 silly gunzTarPerm modified mode [ 'nan_callbacks.h', 436, 420 ]
222 silly gunzTarPerm extractEntry nan_callbacks_12_inl.h
223 silly gunzTarPerm modified mode [ 'nan_callbacks_12_inl.h', 436, 420 ]
224 silly gunzTarPerm extractEntry nan_callbacks_pre_12_inl.h
225 silly gunzTarPerm modified mode [ 'nan_callbacks_pre_12_inl.h', 436, 420 ]
226 silly gunzTarPerm extractEntry nan_converters_43_inl.h
227 silly gunzTarPerm modified mode [ 'nan_converters_43_inl.h', 436, 420 ]
228 silly gunzTarPerm extractEntry nan_converters_pre_43_inl.h
229 silly gunzTarPerm modified mode [ 'nan_converters_pre_43_inl.h', 436, 420 ]
230 silly gunzTarPerm extractEntry nan_implementation_12_inl.h
231 silly gunzTarPerm modified mode [ 'nan_implementation_12_inl.h', 436, 420 ]
232 silly gunzTarPerm extractEntry nan_implementation_pre_12_inl.h
233 silly gunzTarPerm modified mode [ 'nan_implementation_pre_12_inl.h', 436, 420 ]
234 silly gunzTarPerm extractEntry nan_maybe_43_inl.h
235 silly gunzTarPerm modified mode [ 'nan_maybe_43_inl.h', 436, 420 ]
236 silly gunzTarPerm extractEntry nan_maybe_pre_43_inl.h
237 silly gunzTarPerm modified mode [ 'nan_maybe_pre_43_inl.h', 436, 420 ]
238 silly gunzTarPerm extractEntry nan_new.h
239 silly gunzTarPerm modified mode [ 'nan_new.h', 436, 420 ]
240 silly gunzTarPerm extractEntry nan_object_wrap.h
241 silly gunzTarPerm modified mode [ 'nan_object_wrap.h', 436, 420 ]
242 silly gunzTarPerm extractEntry nan_persistent_12_inl.h
243 silly gunzTarPerm modified mode [ 'nan_persistent_12_inl.h', 436, 420 ]
244 silly gunzTarPerm extractEntry nan_persistent_pre_12_inl.h
245 silly gunzTarPerm modified mode [ 'nan_persistent_pre_12_inl.h', 436, 420 ]
246 silly gunzTarPerm extractEntry nan_string_bytes.h
247 silly gunzTarPerm modified mode [ 'nan_string_bytes.h', 436, 420 ]
248 silly gunzTarPerm extractEntry nan_weak.h
249 silly gunzTarPerm modified mode [ 'nan_weak.h', 436, 420 ]
250 silly gunzTarPerm extractEntry CHANGELOG.md
251 silly gunzTarPerm modified mode [ 'CHANGELOG.md', 436, 420 ]
252 silly gunzTarPerm extractEntry tools/package.json
253 silly gunzTarPerm modified mode [ 'tools/package.json', 436, 420 ]
254 silly gunzTarPerm extractEntry tools/README.md
255 silly gunzTarPerm modified mode [ 'tools/README.md', 436, 420 ]
256 silly gunzTarPerm extractEntry tools/1to2.js
257 silly gunzTarPerm modified mode [ 'tools/1to2.js', 509, 493 ]
258 verbose write writing to /Users/Finn/src/project-two/node_modules/bcrypt/node_modules/nan/package.json
259 info preinstall nan@2.0.5
260 verbose readDependencies loading dependencies from /Users/Finn/src/project-two/node_modules/bcrypt/node_modules/nan/package.json
261 verbose readDependencies loading dependencies from /Users/Finn/src/project-two/node_modules/bcrypt/node_modules/nan/package.json
262 silly install resolved []
263 verbose about to build /Users/Finn/src/project-two/node_modules/bcrypt/node_modules/nan
264 info build /Users/Finn/src/project-two/node_modules/bcrypt/node_modules/nan
265 info linkStuff nan@2.0.5
266 silly linkStuff nan@2.0.5 has /Users/Finn/src/project-two/node_modules/bcrypt/node_modules as its parent node_modules
267 verbose linkBins nan@2.0.5
268 verbose linkMans nan@2.0.5
269 verbose rebuildBundles nan@2.0.5
270 info install nan@2.0.5
271 info postinstall nan@2.0.5
272 verbose unlock done using /Users/Finn/.npm/_locks/nan-7711662200d93213.lock for /Users/Finn/src/project-two/node_modules/bcrypt/node_modules/nan
273 verbose about to build /Users/Finn/src/project-two/node_modules/bcrypt
274 info build /Users/Finn/src/project-two/node_modules/bcrypt
275 info linkStuff bcrypt@0.8.5
276 silly linkStuff bcrypt@0.8.5 has /Users/Finn/src/project-two/node_modules as its parent node_modules
277 verbose linkBins bcrypt@0.8.5
278 verbose linkMans bcrypt@0.8.5
279 verbose rebuildBundles bcrypt@0.8.5
280 verbose rebuildBundles [ 'bindings', 'nan' ]
281 info install bcrypt@0.8.5
282 verbose unsafe-perm in lifecycle true
283 info bcrypt@0.8.5 Failed to exec install script
284 verbose unlock done using /Users/Finn/.npm/_locks/bcrypt-da055553ae501a7d.lock for /Users/Finn/src/project-two/node_modules/bcrypt
285 verbose stack Error: bcrypt@0.8.5 install: `node-gyp rebuild`
285 verbose stack Exit status 1
285 verbose stack     at EventEmitter.<anonymous> (/usr/local/lib/node_modules/npm/lib/utils/lifecycle.js:214:16)
285 verbose stack     at emitTwo (events.js:87:13)
285 verbose stack     at EventEmitter.emit (events.js:172:7)
285 verbose stack     at ChildProcess.<anonymous> (/usr/local/lib/node_modules/npm/lib/utils/spawn.js:24:14)
285 verbose stack     at emitTwo (events.js:87:13)
285 verbose stack     at ChildProcess.emit (events.js:172:7)
285 verbose stack     at maybeClose (internal/child_process.js:817:16)
285 verbose stack     at Process.ChildProcess._handle.onexit (internal/child_process.js:211:5)
286 verbose pkgid bcrypt@0.8.5
287 verbose cwd /Users/Finn/src/project-two
288 error Darwin 14.5.0
289 error argv "/usr/local/bin/node" "/usr/local/bin/npm" "install" "--save" "bcrypt"
290 error node v4.1.1
291 error npm  v2.14.4
292 error code ELIFECYCLE
293 error bcrypt@0.8.5 install: `node-gyp rebuild`
293 error Exit status 1
294 error Failed at the bcrypt@0.8.5 install script 'node-gyp rebuild'.
294 error This is most likely a problem with the bcrypt package,
294 error not with npm itself.
294 error Tell the author that this fails on your system:
294 error     node-gyp rebuild
294 error You can get their info via:
294 error     npm owner ls bcrypt
294 error There is likely additional logging output above.
295 verbose exit [ 1, true ]
296 verbose unbuild node_modules/bcrypt
297 info preuninstall bcrypt@0.8.5
298 info uninstall bcrypt@0.8.5
299 verbose unbuild rmStuff bcrypt@0.8.5 from /Users/Finn/src/project-two/node_modules
300 info postuninstall bcrypt@0.8.5
301 silly gentlyRm /Users/Finn/src/project-two/node_modules/bcrypt is being purged from base /Users/Finn/src/project-two
302 verbose gentlyRm don't care about contents; nuking /Users/Finn/src/project-two/node_modules/bcrypt
303 silly vacuum-fs purging /Users/Finn/src/project-two/node_modules/bcrypt
304 silly vacuum-fs quitting because other entries in /Users/Finn/src/project-two/node_modules
